17:29:12.286 [main] INFO  testCases.TC_001_LoginTest - BaseClass: setup() completed for chrome browser
17:29:19.682 [main] INFO  testCases.TC_001_LoginTest - driver navigates to the base URL 
17:29:22.348 [main] INFO  testCases.TC_001_LoginTest - driver enters username
17:29:22.408 [main] INFO  testCases.TC_001_LoginTest - driver enters password
17:29:22.976 [main] INFO  testCases.TC_001_LoginTest - driver clicks on the login button
17:29:22.985 [main] INFO  testCases.TC_001_LoginTest - The title of the LoginPage matched.
17:29:23.561 [main] INFO  testCases.TC_001_LoginTest - Clicking on Log out link.
17:29:23.589 [main] INFO  testCases.TC_001_LoginTest - Completed test: test_001_Login
17:29:24.321 [main] INFO  testCases.TC_001_LoginTest - driver enters username
17:29:24.372 [main] INFO  testCases.TC_001_LoginTest - driver enters password
17:29:24.862 [main] INFO  testCases.TC_001_LoginTest - driver clicks on the login button
17:29:24.869 [main] INFO  testCases.TC_001_LoginTest - The title of the LoginPage matched.
17:29:24.869 [main] INFO  testCases.TC_001_LoginTest - Completed test: test_002_SecondLogin
17:29:25.765 [main] INFO  testCases.TC_001_LoginTest - BaseClass: driver quits
17:29:25.766 [main] TRACE testCases.TC_001_LoginTest - ********** END OF TEST **********
17:29:29.338 [main] INFO  testCases.TC_003_AddCustomerTest - BaseClass: setup() completed for chrome browser
17:29:30.556 [main] INFO  testCases.TC_003_AddCustomerTest - driver navigates to the base URL 
17:29:30.914 [main] INFO  testCases.TC_003_AddCustomerTest - driver enters username
17:29:30.972 [main] INFO  testCases.TC_003_AddCustomerTest - driver enters password
17:29:31.999 [main] INFO  testCases.TC_003_AddCustomerTest - driver clicks on the login button
17:29:32.003 [main] INFO  testCases.TC_003_AddCustomerTest - Login was successful.
17:29:32.521 [main] INFO  testCases.TC_003_AddCustomerTest - driver clicks on the New Customer button
17:29:32.608 [main] INFO  testCases.TC_003_AddCustomerTest - Entering Customer's name
17:29:32.649 [main] INFO  testCases.TC_003_AddCustomerTest - Entering Customer's gender
17:29:32.746 [main] INFO  testCases.TC_003_AddCustomerTest - Entering Customer's DOB
17:29:32.827 [main] INFO  testCases.TC_003_AddCustomerTest - Entering Customer's address
17:29:32.901 [main] INFO  testCases.TC_003_AddCustomerTest - Entering Customer's city
17:29:32.946 [main] INFO  testCases.TC_003_AddCustomerTest - Entering Customer's state
17:29:33.003 [main] INFO  testCases.TC_003_AddCustomerTest - Entering Customer's PIN
17:29:33.064 [main] INFO  testCases.TC_003_AddCustomerTest - Entering Customer's mobile number
17:29:33.192 [main] INFO  testCases.TC_003_AddCustomerTest - Entering Customer's email: LSuyO@mail.com
17:29:33.269 [main] INFO  testCases.TC_003_AddCustomerTest - Entering Customer's password
17:29:33.802 [main] INFO  testCases.TC_003_AddCustomerTest - Clicking on Submit button
17:29:33.839 [main] INFO  testCases.TC_003_AddCustomerTest - Customer Registered Successfully
17:29:33.840 [main] INFO  testCases.TC_003_AddCustomerTest - Completed test: addCustomerTest - PASSED
17:29:34.732 [main] INFO  testCases.TC_003_AddCustomerTest - BaseClass: driver quits
17:29:34.732 [main] TRACE testCases.TC_003_AddCustomerTest - ********** END OF TEST **********
17:46:27.090 [main] INFO  testCases.TC_001_LoginTest - BaseClass: setup() completed for chrome browser
17:46:49.173 [main] INFO  testCases.TC_003_AddCustomerTest - BaseClass: setup() completed for chrome browser
17:48:38.367 [main] INFO  testCases.TC_001_LoginTest - BaseClass: setup() completed for chrome browser
17:48:42.840 [main] INFO  testCases.TC_001_LoginTest - driver navigates to the base URL 
17:48:44.242 [main] INFO  testCases.TC_001_LoginTest - driver enters username
17:48:44.297 [main] INFO  testCases.TC_001_LoginTest - driver enters password
17:48:44.913 [main] INFO  testCases.TC_001_LoginTest - driver clicks on the login button
17:48:44.923 [main] INFO  testCases.TC_001_LoginTest - The title of the LoginPage matched.
17:48:45.352 [main] INFO  testCases.TC_001_LoginTest - Clicking on Log out link.
17:48:45.361 [main] INFO  testCases.TC_001_LoginTest - Completed test: test_001_Login
17:48:45.876 [main] INFO  testCases.TC_001_LoginTest - driver enters username
17:48:45.950 [main] INFO  testCases.TC_001_LoginTest - driver enters password
17:48:46.592 [main] INFO  testCases.TC_001_LoginTest - driver clicks on the login button
17:48:46.610 [main] INFO  testCases.TC_001_LoginTest - The title of the LoginPage matched.
17:48:46.610 [main] INFO  testCases.TC_001_LoginTest - Completed test: test_002_SecondLogin
17:48:47.462 [main] INFO  testCases.TC_001_LoginTest - BaseClass: driver quits
17:48:47.462 [main] TRACE testCases.TC_001_LoginTest - ********** END OF TEST **********
17:48:51.196 [main] INFO  testCases.TC_003_AddCustomerTest - BaseClass: setup() completed for chrome browser
17:48:52.719 [main] INFO  testCases.TC_003_AddCustomerTest - driver navigates to the base URL 
17:48:52.794 [main] INFO  testCases.TC_003_AddCustomerTest - driver enters username
17:48:52.856 [main] INFO  testCases.TC_003_AddCustomerTest - driver enters password
17:48:53.696 [main] INFO  testCases.TC_003_AddCustomerTest - driver clicks on the login button
17:48:53.702 [main] INFO  testCases.TC_003_AddCustomerTest - Login was successful.
17:48:54.520 [main] INFO  testCases.TC_003_AddCustomerTest - driver clicks on the New Customer button
17:48:54.579 [main] INFO  testCases.TC_003_AddCustomerTest - Entering Customer's name
17:48:54.622 [main] INFO  testCases.TC_003_AddCustomerTest - Entering Customer's gender
17:48:54.712 [main] INFO  testCases.TC_003_AddCustomerTest - Entering Customer's DOB
17:48:54.789 [main] INFO  testCases.TC_003_AddCustomerTest - Entering Customer's address
17:48:54.859 [main] INFO  testCases.TC_003_AddCustomerTest - Entering Customer's city
17:48:54.905 [main] INFO  testCases.TC_003_AddCustomerTest - Entering Customer's state
17:48:54.960 [main] INFO  testCases.TC_003_AddCustomerTest - Entering Customer's PIN
17:48:55.020 [main] INFO  testCases.TC_003_AddCustomerTest - Entering Customer's mobile number
17:48:55.096 [main] INFO  testCases.TC_003_AddCustomerTest - Entering Customer's email: lmxJj@mail.com
17:48:55.155 [main] INFO  testCases.TC_003_AddCustomerTest - Entering Customer's password
17:48:55.637 [main] INFO  testCases.TC_003_AddCustomerTest - Clicking on Submit button
17:48:55.674 [main] INFO  testCases.TC_003_AddCustomerTest - Customer Registered Successfully
17:48:55.674 [main] INFO  testCases.TC_003_AddCustomerTest - Completed test: addCustomerTest - PASSED
17:48:56.433 [main] INFO  testCases.TC_003_AddCustomerTest - BaseClass: driver quits
17:48:56.433 [main] TRACE testCases.TC_003_AddCustomerTest - ********** END OF TEST **********
17:52:34.323 [main] INFO  testCases.TC_001_LoginTest - BaseClass: setup() completed for chrome browser
17:52:54.204 [main] INFO  testCases.TC_003_AddCustomerTest - BaseClass: setup() completed for chrome browser
