23:14:53.995 [main] INFO  testCases.TC_001_LoginTest - BaseClass: setup() completed for chrome browser
23:14:55.420 [main] INFO  testCases.TC_001_LoginTest - driver navigates to the base URL 
23:14:55.529 [main] INFO  testCases.TC_001_LoginTest - driver enters username
23:14:55.591 [main] INFO  testCases.TC_001_LoginTest - driver enters password
23:14:56.111 [main] INFO  testCases.TC_001_LoginTest - driver clicks on the login button
23:14:56.120 [main] INFO  testCases.TC_001_LoginTest - The title of the LoginPage matched.
23:14:56.484 [main] INFO  testCases.TC_001_LoginTest - Clicking on Log out link.
23:14:56.491 [main] INFO  testCases.TC_001_LoginTest - Completed test: _001_loginTest
23:14:57.407 [main] INFO  testCases.TC_001_LoginTest - driver enters username
23:14:57.459 [main] INFO  testCases.TC_001_LoginTest - driver enters password
23:14:57.995 [main] INFO  testCases.TC_001_LoginTest - driver clicks on the login button
23:14:58.003 [main] INFO  testCases.TC_001_LoginTest - The title of the LoginPage matched.
23:14:58.003 [main] INFO  testCases.TC_001_LoginTest - Completed test: _002_secondLoginTest
23:14:58.777 [main] INFO  testCases.TC_001_LoginTest - BaseClass: driver quits
23:14:58.777 [main] TRACE testCases.TC_001_LoginTest - ********** END OF TEST **********
23:15:02.413 [main] INFO  testCases.TC_003_AddCustomerTest - BaseClass: setup() completed for chrome browser
23:15:03.735 [main] INFO  testCases.TC_003_AddCustomerTest - driver navigates to the base URL 
23:15:03.919 [main] INFO  testCases.TC_003_AddCustomerTest - driver enters username
23:15:03.979 [main] INFO  testCases.TC_003_AddCustomerTest - driver enters password
23:15:04.844 [main] INFO  testCases.TC_003_AddCustomerTest - driver clicks on the login button
23:15:04.849 [main] INFO  testCases.TC_003_AddCustomerTest - Login was successful.
23:15:05.361 [main] INFO  testCases.TC_003_AddCustomerTest - driver clicks on the New Customer button
23:15:05.423 [main] INFO  testCases.TC_003_AddCustomerTest - Entering Customer's name
23:15:05.469 [main] INFO  testCases.TC_003_AddCustomerTest - Entering Customer's gender
23:15:05.567 [main] INFO  testCases.TC_003_AddCustomerTest - Entering Customer's DOB
23:15:05.642 [main] INFO  testCases.TC_003_AddCustomerTest - Entering Customer's address
23:15:05.726 [main] INFO  testCases.TC_003_AddCustomerTest - Entering Customer's city
23:15:05.774 [main] INFO  testCases.TC_003_AddCustomerTest - Entering Customer's state
23:15:05.833 [main] INFO  testCases.TC_003_AddCustomerTest - Entering Customer's PIN
23:15:05.886 [main] INFO  testCases.TC_003_AddCustomerTest - Entering Customer's mobile number
23:15:05.969 [main] INFO  testCases.TC_003_AddCustomerTest - Entering Customer's email: tLWYw@mail.com
23:15:06.019 [main] INFO  testCases.TC_003_AddCustomerTest - Entering Customer's password
23:15:06.458 [main] INFO  testCases.TC_003_AddCustomerTest - Clicking on Submit button
23:15:06.495 [main] INFO  testCases.TC_003_AddCustomerTest - Customer Registered Successfully
23:15:06.495 [main] INFO  testCases.TC_003_AddCustomerTest - Completed test: addCustomerTest - PASSED
23:15:07.281 [main] INFO  testCases.TC_003_AddCustomerTest - BaseClass: driver quits
23:15:07.281 [main] TRACE testCases.TC_003_AddCustomerTest - ********** END OF TEST **********
