10:28:38.888 [main] INFO  testCases.TC_001_LoginTest - BaseClass: setup() completed for chrome browser
10:28:40.874 [main] INFO  testCases.TC_001_LoginTest - driver navigates to the base URL 
10:28:41.536 [main] INFO  testCases.TC_001_LoginTest - driver enters username
10:28:41.592 [main] INFO  testCases.TC_001_LoginTest - driver enters password
10:28:42.204 [main] INFO  testCases.TC_001_LoginTest - driver clicks on the login button
10:28:42.217 [main] INFO  testCases.TC_001_LoginTest - The title of the LoginPage matched.
10:28:45.288 [main] INFO  testCases.TC_001_LoginTest - Clicking on Log out link.
10:28:45.297 [main] INFO  testCases.TC_001_LoginTest - Completed test: _001_loginTest
10:28:45.902 [main] INFO  testCases.TC_001_LoginTest - driver enters username
10:28:45.977 [main] INFO  testCases.TC_001_LoginTest - driver enters password
10:28:46.651 [main] INFO  testCases.TC_001_LoginTest - driver clicks on the login button
10:28:46.683 [main] INFO  testCases.TC_001_LoginTest - The title of the LoginPage matched.
10:28:46.683 [main] INFO  testCases.TC_001_LoginTest - Completed test: _002_secondLoginTest
10:28:47.422 [main] INFO  testCases.TC_001_LoginTest - BaseClass: driver quits
10:28:47.422 [main] TRACE testCases.TC_001_LoginTest - ********** END OF TEST **********
10:28:50.994 [main] INFO  testCases.TC_003_AddCustomerTest - BaseClass: setup() completed for chrome browser
10:28:53.517 [main] INFO  testCases.TC_003_AddCustomerTest - driver navigates to the base URL 
10:28:53.607 [main] INFO  testCases.TC_003_AddCustomerTest - driver enters username
10:28:53.681 [main] INFO  testCases.TC_003_AddCustomerTest - driver enters password
10:28:54.740 [main] INFO  testCases.TC_003_AddCustomerTest - driver clicks on the login button
10:28:54.878 [main] INFO  testCases.TC_003_AddCustomerTest - Login was successful.
10:28:55.460 [main] INFO  testCases.TC_003_AddCustomerTest - driver clicks on the New Customer button
10:28:55.552 [main] INFO  testCases.TC_003_AddCustomerTest - Entering Customer's name
10:28:55.594 [main] INFO  testCases.TC_003_AddCustomerTest - Entering Customer's gender
10:28:55.692 [main] INFO  testCases.TC_003_AddCustomerTest - Entering Customer's DOB
10:28:55.760 [main] INFO  testCases.TC_003_AddCustomerTest - Entering Customer's address
10:28:55.831 [main] INFO  testCases.TC_003_AddCustomerTest - Entering Customer's city
10:28:55.876 [main] INFO  testCases.TC_003_AddCustomerTest - Entering Customer's state
10:28:55.973 [main] INFO  testCases.TC_003_AddCustomerTest - Entering Customer's PIN
10:28:56.025 [main] INFO  testCases.TC_003_AddCustomerTest - Entering Customer's mobile number
10:28:56.110 [main] INFO  testCases.TC_003_AddCustomerTest - Entering Customer's email: XpYhZ@mail.com
10:28:56.164 [main] INFO  testCases.TC_003_AddCustomerTest - Entering Customer's password
10:28:56.954 [main] INFO  testCases.TC_003_AddCustomerTest - Clicking on Submit button
10:28:57.003 [main] INFO  testCases.TC_003_AddCustomerTest - Customer Registered Successfully
10:28:57.004 [main] INFO  testCases.TC_003_AddCustomerTest - Completed test: addCustomerTest - PASSED
10:28:57.734 [main] INFO  testCases.TC_003_AddCustomerTest - BaseClass: driver quits
10:28:57.734 [main] TRACE testCases.TC_003_AddCustomerTest - ********** END OF TEST **********
